<?xml version="1.0" encoding="utf-8"?><testsuites name="pytest tests"><testsuite name="pytest" errors="0" failures="0" skipped="0" tests="5" time="0.646" timestamp="2026-05-23T03:28:35.976872+00:00" hostname="agent-env-95701c5d-8125-4956-904b-a31335908f50"><testcase classname="backend.tests.test_trio_api" name="test_root" time="0.305" /><testcase classname="backend.tests.test_trio_api" name="test_newsletter_create_valid" time="0.047" /><testcase classname="backend.tests.test_trio_api" name="test_newsletter_idempotent" time="0.093" /><testcase classname="backend.tests.test_trio_api" name="test_newsletter_invalid_email" time="0.042" /><testcase classname="backend.tests.test_trio_api" name="test_newsletter_list_no_id_leak" time="0.090" /></testsuite></testsuites>